[2023-10-31 22:05] System: Чат "Paranormal Investigations" активирован
[2023-10-31 22:10] GhostHunter42: Всем привет! Готовы к ночи ужасов?
[2023-10-31 22:12] RavenClaw: Только что услышала странный стук в подвале... Может, это мыши?
[2023-10-31 22:15] DarkShadow: В такую жуткую ночь мыши - это лучшее, на что можно надеяться
[2023-10-31 22:18] SpookyLiz: Ребята, у меня в зеркале что-то движется! Это не отражение...
[2023-10-31 22:20] GhostHunter42: @SpookyLiz проверь углы зеркала, может быть оптическая иллюзия
[2023-10-31 22:22] SpookyLiz: НЕТ! Это лицо! Лицо умершей женщины! О БОЖЕ!
[2023-10-31 22:25] RavenClaw: Я только что проверила подвал... Там КРОВЬ на стене! Свежая!
[2023-10-31 22:28] DarkShadow: Кладбище за моим домом сегодня необычно активно... Видел 3 призрака
[2023-10-31 22:30] GhostHunter42: Всем сохранять спокойствие. Начинаю записывать показания
[2023-10-31 22:33] NightWatcher: В старом особняке на Хилл-стрит тьма буквально оживает...
[2023-10-31 22:35] SpookyLiz: Это проклятие! Мы все умрем! Я чувствую это!
[2023-10-31 22:37] RavenClaw: Только что получила сообщение от умершего 5 лет назад друга...
[2023-10-31 22:40] DarkShadow: Кошмар становится реальностью. Они идут за нами...
[2023-10-31 22:42] GhostHunter42: Всем срочно включить камеры! Начинается что-то ужасное
[2023-10-31 22:45] NightWatcher: Температура в комнате упала на 15 градусов за секунду
[2023-10-31 22:47] SpookyLiz: В зеркале... их теперь ТРОЕ... все умершие родственники...
[2023-10-31 22:50] RavenClaw: Кровь на стене сложилась в слова "ПОЗДНО"
[2023-10-31 22:52] DarkShadow: Призраки с кладбища теперь в моем доме... Они шепчут мне что-то
[2023-10-31 22:55] GhostHunter42: Зафиксировал несколько голосов на диктофоне: "смерть близка"
[2023-10-31 22:57] NightWatcher: Это не просто ночь ужасов... Это конец всего
[2023-10-31 23:00] System: Обнаружена аномальная активность. Чат будет закрыт
[2023-10-31 23:01] SpookyLiz: НЕТ! Они уже здесь! Помогите!
[2023-10-31 23:02] RavenClaw: Они повсюду... тьма поглощает...
[2023-10-31 23:03] DarkShadow: Прощайте... мы все умрем сегодня...
[2023-10-31 23:04] GhostHunter42: Последняя запись... они не призраки... они никогда не умирали...
[2023-10-31 23:05] System: Чат аварийно завершил работу. Причина: неизвестная ошибка